[dotenv@17.2.3] injecting env (2) from .env -- tip: ⚙️  enable debug logging with { debug: true }
Bootstrap: 1
[dotenv@17.2.3] injecting env (2) from .env -- tip: ⚙️  specify custom .env file path with { path: '/custom/path/.env' }
Bootstrap: 14
Shutdown
[dotenv@17.2.3] injecting env (2) from .env -- tip: ⚙️  suppress all logs with { quiet: true }
Bootstrap: 59
Shutdown
[dotenv@17.2.3] injecting env (2) from .env -- tip: ⚙️  suppress all logs with { quiet: true }
Bootstrap: 60
Shutdown
[dotenv@17.2.3] injecting env (2) from .env -- tip: 🗂️ backup and recover secrets: https://dotenvx.com/ops
Bootstrap: 60
Shutdown
[dotenv@17.2.3] injecting env (2) from .env -- tip: 🛠️  run anywhere with `dotenvx run -- yourcommand`
Bootstrap: 60
Shutdown
[dotenv@17.2.3] injecting env (2) from .env -- tip: ⚙️  load multiple .env files with { path: ['.env.local', '.env'] }
Bootstrap: 60
Shutdown
[dotenv@17.2.3] injecting env (2) from .env -- tip: 🔑 add access controls to secrets: https://dotenvx.com/ops
Bootstrap: 60
Shutdown
[dotenv@17.2.3] injecting env (2) from .env -- tip: ⚙️  suppress all logs with { quiet: true }
Bootstrap: 60
Shutdown
[dotenv@17.2.3] injecting env (2) from .env -- tip: 👥 sync secrets across teammates & machines: https://dotenvx.com/ops
Bootstrap: 60
Shutdown
[dotenv@17.2.3] injecting env (2) from .env -- tip: 🔐 prevent building .env in docker: https://dotenvx.com/prebuild
Bootstrap: 60
Shutdown
[dotenv@17.2.3] injecting env (2) from .env -- tip: 🔄 add secrets lifecycle management: https://dotenvx.com/ops
Bootstrap: 60
Shutdown
[dotenv@17.2.3] injecting env (2) from .env -- tip: ⚙️  load multiple .env files with { path: ['.env.local', '.env'] }
Bootstrap: 60
Shutdown
[dotenv@17.2.3] injecting env (2) from .env -- tip: ⚙️  override existing env vars with { override: true }
Bootstrap: 60
Shutdown
[dotenv@17.2.3] injecting env (2) from .env -- tip: ⚙️  load multiple .env files with { path: ['.env.local', '.env'] }
Bootstrap: 60
Shutdown
[dotenv@17.2.3] injecting env (2) from .env -- tip: ✅ audit secrets and track compliance: https://dotenvx.com/ops
Bootstrap: 60
Shutdown
[dotenv@17.2.3] injecting env (2) from .env -- tip: 🛠️  run anywhere with `dotenvx run -- yourcommand`
Bootstrap: 60
Shutdown
[dotenv@17.2.3] injecting env (2) from .env -- tip: ⚙️  override existing env vars with { override: true }
Bootstrap: 60
Shutdown
[dotenv@17.2.3] injecting env (2) from .env -- tip: 🔐 prevent building .env in docker: https://dotenvx.com/prebuild
Bootstrap: 60
Shutdown
[dotenv@17.2.3] injecting env (2) from .env -- tip: 🔄 add secrets lifecycle management: https://dotenvx.com/ops
Bootstrap: 60
Shutdown
[dotenv@17.2.3] injecting env (2) from .env -- tip: 🗂️ backup and recover secrets: https://dotenvx.com/ops
Bootstrap: 60
Shutdown
[dotenv@17.2.3] injecting env (2) from .env -- tip: ⚙️  specify custom .env file path with { path: '/custom/path/.env' }
Bootstrap: 60
Shutdown
[dotenv@17.2.3] injecting env (2) from .env -- tip: 🔐 encrypt with Dotenvx: https://dotenvx.com
Bootstrap: 60
Shutdown
[dotenv@17.2.3] injecting env (2) from .env -- tip: ⚙️  suppress all logs with { quiet: true }
Bootstrap: 60
Shutdown
[dotenv@17.2.3] injecting env (2) from .env -- tip: 🔑 add access controls to secrets: https://dotenvx.com/ops
Bootstrap: 60
Shutdown
[dotenv@17.2.3] injecting env (2) from .env -- tip: 🔐 prevent committing .env to code: https://dotenvx.com/precommit
Bootstrap: 60
Shutdown
[dotenv@17.2.3] injecting env (2) from .env -- tip: ⚙️  override existing env vars with { override: true }
Bootstrap: 60
Shutdown
[dotenv@17.2.3] injecting env (2) from .env -- tip: 🔄 add secrets lifecycle management: https://dotenvx.com/ops
Bootstrap: 60
Shutdown
[dotenv@17.2.3] injecting env (2) from .env -- tip: ✅ audit secrets and track compliance: https://dotenvx.com/ops
Bootstrap: 60
Shutdown
[dotenv@17.2.3] injecting env (2) from .env -- tip: ✅ audit secrets and track compliance: https://dotenvx.com/ops
Bootstrap: 60
Shutdown
[dotenv@17.2.3] injecting env (2) from .env -- tip: ⚙️  suppress all logs with { quiet: true }
Bootstrap: 60
Shutdown
[dotenv@17.2.3] injecting env (2) from .env -- tip: ⚙️  suppress all logs with { quiet: true }
Bootstrap: 60
[dotenv@17.2.3] injecting env (2) from .env -- tip: 🔐 encrypt with Dotenvx: https://dotenvx.com
Bootstrap: 60
